# extract-segments scp,p:/raid_fd/diar_working_dir/ns2ch_s_refSAD_xvecCH_w1.5_p0.75_m0.5/mfcc_vad_segments/mfcc_and_vad_pre_seg/wav.scp /raid_fd/diar_working_dir/ns2ch_s_refSAD_xvecCH_w1.5_p0.75_m0.5/mfcc_vad_segments/mfcc_and_vad_pre_seg/log/segments.2 ark:- | compute-mfcc-feats --verbose=2 --config=/staging/sn/mp_323/Dihard2/dihard2-is19/usc_diar_system/conf/mfcc8k_callhome_diarization_v2.conf ark:- ark:- | copy-feats --compress=true --write-num-frames=ark,t:/raid_fd/diar_working_dir/ns2ch_s_refSAD_xvecCH_w1.5_p0.75_m0.5/mfcc_vad_segments/mfcc_and_vad_pre_seg/log/utt2num_frames.2 ark:- ark,scp:/raid_fd/diar_working_dir/ns2ch_s_refSAD_xvecCH_w1.5_p0.75_m0.5/mfcc_vad_segments/mfcc_and_vad_pre_seg/data/raw_mfcc_mfcc_and_vad_pre_seg.2.ark,/raid_fd/diar_working_dir/ns2ch_s_refSAD_xvecCH_w1.5_p0.75_m0.5/mfcc_vad_segments/mfcc_and_vad_pre_seg/data/raw_mfcc_mfcc_and_vad_pre_seg.2.scp 
# Started at Mon Dec  9 13:29:03 PST 2019
#
copy-feats --compress=true --write-num-frames=ark,t:/raid_fd/diar_working_dir/ns2ch_s_refSAD_xvecCH_w1.5_p0.75_m0.5/mfcc_vad_segments/mfcc_and_vad_pre_seg/log/utt2num_frames.2 ark:- ark,scp:/raid_fd/diar_working_dir/ns2ch_s_refSAD_xvecCH_w1.5_p0.75_m0.5/mfcc_vad_segments/mfcc_and_vad_pre_seg/data/raw_mfcc_mfcc_and_vad_pre_seg.2.ark,/raid_fd/diar_working_dir/ns2ch_s_refSAD_xvecCH_w1.5_p0.75_m0.5/mfcc_vad_segments/mfcc_and_vad_pre_seg/data/raw_mfcc_mfcc_and_vad_pre_seg.2.scp 
extract-segments scp,p:/raid_fd/diar_working_dir/ns2ch_s_refSAD_xvecCH_w1.5_p0.75_m0.5/mfcc_vad_segments/mfcc_and_vad_pre_seg/wav.scp /raid_fd/diar_working_dir/ns2ch_s_refSAD_xvecCH_w1.5_p0.75_m0.5/mfcc_vad_segments/mfcc_and_vad_pre_seg/log/segments.2 ark:- 
compute-mfcc-feats --verbose=2 --config=/staging/sn/mp_323/Dihard2/dihard2-is19/usc_diar_system/conf/mfcc8k_callhome_diarization_v2.conf ark:- ark:- 
VLOG[2] (compute-mfcc-feats[5.4.253~1-34df]:main():compute-mfcc-feats.cc:173) Processed features for key iaaa-05714-06130
VLOG[2] (compute-mfcc-feats[5.4.253~1-34df]:main():compute-mfcc-feats.cc:173) Processed features for key iaaa-06134-06673
VLOG[2] (compute-mfcc-feats[5.4.253~1-34df]:main():compute-mfcc-feats.cc:173) Processed features for key iaaa-06711-06992
VLOG[2] (compute-mfcc-feats[5.4.253~1-34df]:main():compute-mfcc-feats.cc:173) Processed features for key iaaa-07042-07251
VLOG[2] (compute-mfcc-feats[5.4.253~1-34df]:main():compute-mfcc-feats.cc:173) Processed features for key iafq-00000-00272
VLOG[2] (compute-mfcc-feats[5.4.253~1-34df]:main():compute-mfcc-feats.cc:173) Processed features for key iafq-00322-00543
VLOG[2] (compute-mfcc-feats[5.4.253~1-34df]:main():compute-mfcc-feats.cc:173) Processed features for key iafq-00561-00594
VLOG[2] (compute-mfcc-feats[5.4.253~1-34df]:main():compute-mfcc-feats.cc:173) Processed features for key iafq-00595-00848
VLOG[2] (compute-mfcc-feats[5.4.253~1-34df]:main():compute-mfcc-feats.cc:173) Processed features for key iafq-00892-01694
LOG (compute-mfcc-feats[5.4.253~1-34df]:main():compute-mfcc-feats.cc:172) Processed 10 utterances
VLOG[2] (compute-mfcc-feats[5.4.253~1-34df]:main():compute-mfcc-feats.cc:173) Processed features for key iafq-01702-01800
VLOG[2] (compute-mfcc-feats[5.4.253~1-34df]:main():compute-mfcc-feats.cc:173) Processed features for key iafq-01836-01989
VLOG[2] (compute-mfcc-feats[5.4.253~1-34df]:main():compute-mfcc-feats.cc:173) Processed features for key iafq-01999-02047
VLOG[2] (compute-mfcc-feats[5.4.253~1-34df]:main():compute-mfcc-feats.cc:173) Processed features for key iafq-02127-02601
VLOG[2] (compute-mfcc-feats[5.4.253~1-34df]:main():compute-mfcc-feats.cc:173) Processed features for key iafq-02657-03289
VLOG[2] (compute-mfcc-feats[5.4.253~1-34df]:main():compute-mfcc-feats.cc:173) Processed features for key iafq-03369-04181
VLOG[2] (compute-mfcc-feats[5.4.253~1-34df]:main():compute-mfcc-feats.cc:173) Processed features for key iafq-04206-04553
VLOG[2] (compute-mfcc-feats[5.4.253~1-34df]:main():compute-mfcc-feats.cc:173) Processed features for key iafq-04604-04800
VLOG[2] (compute-mfcc-feats[5.4.253~1-34df]:main():compute-mfcc-feats.cc:173) Processed features for key iafq-04827-05073
LOG (extract-segments[5.4.253~1-34df]:main():extract-segments.cc:193) Successfully processed 19 lines out of 19 in the segments file. 
VLOG[2] (compute-mfcc-feats[5.4.253~1-34df]:main():compute-mfcc-feats.cc:173) Processed features for key iafq-05170-05642
LOG (compute-mfcc-feats[5.4.253~1-34df]:main():compute-mfcc-feats.cc:176)  Done 19 out of 19 utterances.
LOG (copy-feats[5.4.253~1-34df]:main():copy-feats.cc:143) Copied 19 feature matrices.
# Accounting: time=0 threads=1
# Ended (code 0) at Mon Dec  9 13:29:03 PST 2019, elapsed time 0 seconds
